Build started 2/12/2015 9:44:38 PM.
     1>Project "c:\Users\Mark\documents\visual studio 2013\Projects\LearningBattle\LearningBattle\LearningBattle.vcxproj" on node 2 (Build target(s)).
     1>Link:
         C:\Program Files (x86)\Microsoft Visual Studio 12.0\VC\bin\link.exe /ERRORREPORT:PROMPT /OUT:"c:\users\mark\documents\visual studio 2013\Projects\LearningBattle\Debug\LearningBattle.exe" /INCREMENTAL /NOLOGO /LIBPATH:"C:\SFML-2.2\lib" kernel32.lib user32.lib gdi32.lib winspool.lib comdlg32.lib advapi32.lib shell32.lib ole32.lib oleaut32.lib uuid.lib odbc32.lib odbccp32.lib "sfml-graphics-d.lib" "sfml-window-d.lib" "sfml-system-d.lib" kernel32.lib user32.lib gdi32.lib winspool.lib comdlg32.lib advapi32.lib shell32.lib ole32.lib oleaut32.lib uuid.lib odbc32.lib odbccp32.lib /MANIFEST /MANIFESTUAC:"level='asInvoker' uiAccess='false'" /manifest:embed /DEBUG /PDB:"c:\users\mark\documents\visual studio 2013\Projects\LearningBattle\Debug\LearningBattle.pdb" /SUBSYSTEM:CONSOLE /TLBID:1 /DYNAMICBASE /NXCOMPAT /IMPLIB:"c:\users\mark\documents\visual studio 2013\Projects\LearningBattle\Debug\LearningBattle.lib" /MACHINE:X86 Debug\main.obj
     1>main.obj : error LNK2019: unresolved external symbol "public: __thiscall sf::String::String(char const *,class std::locale const &)" (??0String@sf@@QAE@PBDABVlocale@std@@@Z) referenced in function _main
     1>main.obj : error LNK2019: unresolved external symbol "public: __thiscall sf::VideoMode::VideoMode(unsigned int,unsigned int,unsigned int)" (??0VideoMode@sf@@QAE@III@Z) referenced in function _main
     1>main.obj : error LNK2019: unresolved external symbol "public: void __thiscall sf::Window::close(void)" (?close@Window@sf@@QAEXXZ) referenced in function _main
     1>main.obj : error LNK2019: unresolved external symbol "public: bool __thiscall sf::Window::isOpen(void)const " (?isOpen@Window@sf@@QBE_NXZ) referenced in function _main
     1>main.obj : error LNK2019: unresolved external symbol "public: bool __thiscall sf::Window::pollEvent(class sf::Event &)" (?pollEvent@Window@sf@@QAE_NAAVEvent@2@@Z) referenced in function _main
     1>main.obj : error LNK2019: unresolved external symbol "public: void __thiscall sf::Window::display(void)" (?display@Window@sf@@QAEXXZ) referenced in function _main
     1>main.obj : error LNK2019: unresolved external symbol "public: __thiscall sf::Color::Color(unsigned char,unsigned char,unsigned char,unsigned char)" (??0Color@sf@@QAE@EEEE@Z) referenced in function _main
     1>main.obj : error LNK2019: unresolved external symbol "public: void __thiscall sf::RenderTarget::clear(class sf::Color const &)" (?clear@RenderTarget@sf@@QAEXABVColor@2@@Z) referenced in function _main
     1>main.obj : error LNK2019: unresolved external symbol "public: void __thiscall sf::RenderTarget::draw(class sf::Drawable const &,class sf::RenderStates const &)" (?draw@RenderTarget@sf@@QAEXABVDrawable@2@ABVRenderStates@2@@Z) referenced in function _main
     1>main.obj : error LNK2019: unresolved external symbol "public: __thiscall sf::RenderWindow::RenderWindow(class sf::VideoMode,class sf::String const &,unsigned int,struct sf::ContextSettings const &)" (??0RenderWindow@sf@@QAE@VVideoMode@1@ABVString@1@IABUContextSettings@1@@Z) referenced in function _main
     1>main.obj : error LNK2019: unresolved external symbol "public: virtual __thiscall sf::RenderWindow::~RenderWindow(void)" (??1RenderWindow@sf@@UAE@XZ) referenced in function _main
     1>main.obj : error LNK2019: unresolved external symbol "public: virtual __thiscall sf::Shape::~Shape(void)" (??1Shape@sf@@UAE@XZ) referenced in function "public: virtual __thiscall sf::CircleShape::~CircleShape(void)" (??1CircleShape@sf@@UAE@XZ)
     1>main.obj : error LNK2019: unresolved external symbol "public: void __thiscall sf::Shape::setFillColor(class sf::Color const &)" (?setFillColor@Shape@sf@@QAEXABVColor@2@@Z) referenced in function _main
     1>main.obj : error LNK2019: unresolved external symbol "public: __thiscall sf::CircleShape::CircleShape(float,unsigned int)" (??0CircleShape@sf@@QAE@MI@Z) referenced in function _main
     1>main.obj : error LNK2001: unresolved external symbol "public: static class sf::Color const sf::Color::Green" (?Green@Color@sf@@2V12@B)
     1>main.obj : error LNK2001: unresolved external symbol "public: static class sf::RenderStates const sf::RenderStates::Default" (?Default@RenderStates@sf@@2V12@B)
     1>c:\users\mark\documents\visual studio 2013\Projects\LearningBattle\Debug\LearningBattle.exe : fatal error LNK1120: 16 unresolved externals
     1>Done Building Project "c:\Users\Mark\documents\visual studio 2013\Projects\LearningBattle\LearningBattle\LearningBattle.vcxproj" (Build target(s)) -- FAILED.

Build FAILED.

Time Elapsed 00:00:00.34
